[2022-02-12 05:44:16] local.ERROR: Symfony\Component\HttpFoundation\JsonResponse::__construct(): Argument #2 ($status) must be of type int, string given, called in C:\xampp\htdocs\api-lumen\vendor\illuminate\http\JsonResponse.php on line 32 {"exception":"[object] (TypeError(code: 0): Symfony\\Component\\HttpFoundation\\JsonResponse::__construct(): Argument #2 ($status) must be of type int, string given, called in C:\\xampp\\htdocs\\api-lumen\\vendor\\illuminate\\http\\JsonResponse.php on line 32 at C:\\xampp\\htdocs\\api-lumen\\vendor\\symfony\\http-foundation\\JsonResponse.php:42)
[stacktrace]
#0 C:\\xampp\\htdocs\\api-lumen\\vendor\\illuminate\\http\\JsonResponse.php(32): Symfony\\Component\\HttpFoundation\\JsonResponse->__construct('Spasiba', 'Ni hao', Array, false)
#1 C:\\xampp\\htdocs\\api-lumen\\vendor\\laravel\\lumen-framework\\src\\Http\\ResponseFactory.php(40): Illuminate\\Http\\JsonResponse->__construct('Spasiba', 'Ni hao', Array, 0)
#2 C:\\xampp\\htdocs\\api-lumen\\app\\Http\\Controllers\\KategoriController.php(19): Laravel\\Lumen\\Http\\ResponseFactory->json('Spasiba', 'Ni hao')
#3 C:\\xampp\\htdocs\\api-lumen\\vendor\\illuminate\\container\\BoundMethod.php(36): App\\Http\\Controllers\\KategoriController->index()
#4 C:\\xampp\\htdocs\\api-lumen\\vendor\\illuminate\\container\\Util.php(40): Illuminate\\Container\\BoundMethod::Illuminate\\Container\\{closure}()
#5 C:\\xampp\\htdocs\\api-lumen\\vendor\\illuminate\\container\\BoundMethod.php(93): Illuminate\\Container\\Util::unwrapIfClosure(Object(Closure))
#6 C:\\xampp\\htdocs\\api-lumen\\vendor\\illuminate\\container\\BoundMethod.php(37): Illuminate\\Container\\BoundMethod::callBoundMethod(Object(Laravel\\Lumen\\Application), Array, Object(Closure))
#7 C:\\xampp\\htdocs\\api-lumen\\vendor\\illuminate\\container\\Container.php(653): Illuminate\\Container\\BoundMethod::call(Object(Laravel\\Lumen\\Application), Array, Array, NULL)
#8 C:\\xampp\\htdocs\\api-lumen\\vendor\\laravel\\lumen-framework\\src\\Concerns\\RoutesRequests.php(389): Illuminate\\Container\\Container->call(Array, Array)
#9 C:\\xampp\\htdocs\\api-lumen\\vendor\\laravel\\lumen-framework\\src\\Concerns\\RoutesRequests.php(355): Laravel\\Lumen\\Application->callControllerCallable(Array, Array)
#10 C:\\xampp\\htdocs\\api-lumen\\vendor\\laravel\\lumen-framework\\src\\Concerns\\RoutesRequests.php(329): Laravel\\Lumen\\Application->callLumenController(Object(App\\Http\\Controllers\\KategoriController), 'index', Array)
#11 C:\\xampp\\htdocs\\api-lumen\\vendor\\laravel\\lumen-framework\\src\\Concerns\\RoutesRequests.php(282): Laravel\\Lumen\\Application->callControllerAction(Array)
#12 C:\\xampp\\htdocs\\api-lumen\\vendor\\laravel\\lumen-framework\\src\\Concerns\\RoutesRequests.php(267): Laravel\\Lumen\\Application->callActionOnArrayBasedRoute(Array)
#13 C:\\xampp\\htdocs\\api-lumen\\vendor\\laravel\\lumen-framework\\src\\Concerns\\RoutesRequests.php(169): Laravel\\Lumen\\Application->handleFoundRoute(Array)
#14 C:\\xampp\\htdocs\\api-lumen\\vendor\\laravel\\lumen-framework\\src\\Concerns\\RoutesRequests.php(429): Laravel\\Lumen\\Application->Laravel\\Lumen\\Concerns\\{closure}(Object(Laravel\\Lumen\\Http\\Request))
#15 C:\\xampp\\htdocs\\api-lumen\\vendor\\laravel\\lumen-framework\\src\\Concerns\\RoutesRequests.php(175): Laravel\\Lumen\\Application->sendThroughPipeline(Array, Object(Closure))
#16 C:\\xampp\\htdocs\\api-lumen\\vendor\\laravel\\lumen-framework\\src\\Concerns\\RoutesRequests.php(112): Laravel\\Lumen\\Application->dispatch(NULL)
#17 C:\\xampp\\htdocs\\api-lumen\\public\\index.php(28): Laravel\\Lumen\\Application->run()
#18 {main}
"} 
